<?xml version="1.0" encoding="UTF-8"?>
<!-- Generated by org.testng.reporters.JUnitXMLReporter -->
<testsuite ignored="0" hostname="DESKTOP-5LK3T5V" failures="8" tests="23" name="Test1" time="159.857" errors="0" timestamp="2023-05-17T08:06:53 ICT">
  <testcase classname="TestSuite.Login" name="@BeforeMethod setUpMethod" time="14.218">
    <failure type="org.openqa.selenium.TimeoutException" message="Expected condition failed: waiting for visibility of element located by By.xpath: //a[contains(text(),&amp;apos;Đăng xuất&amp;apos;)] (tried for 8 second(s) with 500 milliseconds interval)">
      <![CDATA[org.openqa.selenium.TimeoutException: Expected condition failed: waiting for visibility of element located by By.xpath: //a[contains(text(),'Đăng xuất')] (tried for 8 second(s) with 500 milliseconds interval)
at org.openqa.selenium.support.ui.WebDriverWait.timeoutException(WebDriverWait.java:95)
at org.openqa.selenium.support.ui.FluentWait.until(FluentWait.java:272)
at Common.Utilities.clickObscuredElement(Utilities.java:215)
at Common.Utilities.clickObscuredElement(Utilities.java:231)
at TestSuite.Login.setUpMethod(Login.java:27)
Caused by: org.openqa.selenium.NoSuchWindowException: no such window: target window already closed
from unknown error: web view not found
  (Session info: chrome=113.0.5672.93)
Build info: version: '3.141.59', revision: 'e82be7d358', time: '2018-11-14T08:25:48'
System info: host: 'DESKTOP-5LK3T5V', ip: '127.0.0.1', os.name: 'Windows 10', os.arch: 'amd64', os.version: '10.0', java.version: '18'
Driver info: org.openqa.selenium.chrome.ChromeDriver
Capabilities {acceptInsecureCerts: false, browserName: chrome, browserVersion: 113.0.5672.93, chrome: {chromedriverVersion: 112.0.5615.49 (bd2a7bcb881c..., userDataDir: C:\Users\MM\AppData\Local\T...}, goog:chromeOptions: {debuggerAddress: localhost:51432}, javascriptEnabled: true, networkConnectionEnabled: false, pageLoadStrategy: normal, platform: WINDOWS, platformName: WINDOWS, proxy: Proxy(), setWindowRect: true, strictFileInteractability: false, timeouts: {implicit: 0, pageLoad: 300000, script: 30000}, unhandledPromptBehavior: dismiss and notify, webauthn:extension:credBlob: true, webauthn:extension:largeBlob: true, webauthn:extension:minPinLength: true, webauthn:extension:prf: true, webauthn:virtualAuthenticators: true}
Session ID: 7c4c7a565505b5357c5979bc0f32d027
*** Element info: {Using=xpath, value=//a[contains(text(),'Đăng xuất')]}
at org.openqa.selenium.remote.http.W3CHttpResponseCodec.createException(W3CHttpResponseCodec.java:187)
at org.openqa.selenium.remote.http.W3CHttpResponseCodec.decode(W3CHttpResponseCodec.java:122)
at org.openqa.selenium.remote.http.W3CHttpResponseCodec.decode(W3CHttpResponseCodec.java:49)
at org.openqa.selenium.remote.HttpCommandExecutor.execute(HttpCommandExecutor.java:158)
at org.openqa.selenium.remote.service.DriverCommandExecutor.execute(DriverCommandExecutor.java:83)
at org.openqa.selenium.remote.RemoteWebDriver.execute(RemoteWebDriver.java:552)
at org.openqa.selenium.remote.RemoteWebDriver.findElement(RemoteWebDriver.java:323)
at org.openqa.selenium.remote.RemoteWebDriver.findElementByXPath(RemoteWebDriver.java:428)
at org.openqa.selenium.By$ByXPath.findElement(By.java:353)
at org.openqa.selenium.remote.RemoteWebDriver.findElement(RemoteWebDriver.java:315)
at org.openqa.selenium.support.ui.ExpectedConditions$7.apply(ExpectedConditions.java:205)
at org.openqa.selenium.support.ui.ExpectedConditions$7.apply(ExpectedConditions.java:201)
at org.openqa.selenium.support.ui.FluentWait.until(FluentWait.java:249)
... 29 more
... Removed 29 stack frames]]>
    </failure>
  </testcase> <!-- @BeforeMethod setUpMethod -->
  <testcase classname="TestSuite.Login" name="@BeforeMethod setUpMethod" time="-1.68428561204E9">
    <skipped/>
  </testcase> <!-- @BeforeMethod setUpMethod -->
  <testcase classname="TestSuite.Login" name="@BeforeMethod setUpMethod" time="-1.684285612053E9">
    <skipped/>
  </testcase> <!-- @BeforeMethod setUpMethod -->
  <testcase classname="TestSuite.Login" name="@BeforeMethod setUpMethod" time="-1.684285612062E9">
    <skipped/>
  </testcase> <!-- @BeforeMethod setUpMethod -->
  <testcase classname="TestSuite.Login" name="@BeforeMethod setUpMethod" time="-1.684285612071E9">
    <skipped/>
  </testcase> <!-- @BeforeMethod setUpMethod -->
  <testcase classname="TestSuite.Login" name="@BeforeMethod setUpMethod" time="-1.68428561208E9">
    <skipped/>
  </testcase> <!-- @BeforeMethod setUpMethod -->
  <testcase classname="TestSuite.Login" name="@BeforeMethod setUpMethod" time="-1.684285612091E9">
    <skipped/>
  </testcase> <!-- @BeforeMethod setUpMethod -->
  <testcase classname="TestSuite.Login" name="@BeforeMethod setUpMethod" time="-1.684285612101E9">
    <skipped/>
  </testcase> <!-- @BeforeMethod setUpMethod -->
  <testcase classname="TestSuite.Login" name="@BeforeMethod setUpMethod" time="-1.684285612111E9">
    <skipped/>
  </testcase> <!-- @BeforeMethod setUpMethod -->
  <testcase classname="TestSuite.Login" name="@BeforeMethod setUpMethod" time="-1.68428561212E9">
    <skipped/>
  </testcase> <!-- @BeforeMethod setUpMethod -->
  <testcase classname="TestSuite.Login" name="@BeforeMethod setUpMethod" time="-1.684285612126E9">
    <skipped/>
  </testcase> <!-- @BeforeMethod setUpMethod -->
  <testcase classname="TestSuite.Login" name="ITS_02_01" time="2.017"/>
  <testcase classname="TestSuite.Login" name="ITS_02_02" time="2.151"/>
  <testcase classname="TestSuite.Login" name="ITS_02_03" time="8.276"/>
  <testcase classname="TestSuite.Login" name="ITS_02_04" time="7.958"/>
  <testcase classname="TestSuite.Login" name="ITS_02_05" time="2.054">
    <failure type="java.lang.AssertionError" message="Value is not correct: Expected: &amp;quot;Số điện thoại không hợp lệ, vui lòng thử lại.&amp;quot;; Actual: &amp;quot;Sai tài khoản hoặc mật khẩu!&amp;quot;">
      <![CDATA[java.lang.AssertionError: Value is not correct: Expected: "Số điện thoại không hợp lệ, vui lòng thử lại."; Actual: "Sai tài khoản hoặc mật khẩu!"
at Common.Utilities.assertString(Utilities.java:485)
at Common.Utilities.assertTextValue(Utilities.java:417)
at CommonScreen.LoginScreen.login(LoginScreen.java:52)
at TestSuite.Login.ITS_02_05(Login.java:55)
... Removed 24 stack frames]]>
    </failure>
  </testcase> <!-- ITS_02_05 -->
  <testcase classname="TestSuite.Login" name="ITS_02_06" time="1.883">
    <failure type="java.lang.AssertionError" message="Value is not correct: Expected: &amp;quot;Số điện thoại không hợp lệ, vui lòng thử lại.&amp;quot;; Actual: &amp;quot;Sai tài khoản hoặc mật khẩu!&amp;quot;">
      <![CDATA[java.lang.AssertionError: Value is not correct: Expected: "Số điện thoại không hợp lệ, vui lòng thử lại."; Actual: "Sai tài khoản hoặc mật khẩu!"
at Common.Utilities.assertString(Utilities.java:485)
at Common.Utilities.assertTextValue(Utilities.java:417)
at CommonScreen.LoginScreen.login(LoginScreen.java:52)
at TestSuite.Login.ITS_02_06(Login.java:60)
... Removed 24 stack frames]]>
    </failure>
  </testcase> <!-- ITS_02_06 -->
  <testcase classname="TestSuite.Login" name="ITS_02_07" time="2.107">
    <failure type="java.lang.AssertionError" message="Value is not correct: Expected: &amp;quot;Số điện thoại không hợp lệ, vui lòng thử lại.&amp;quot;; Actual: &amp;quot;Sai tài khoản hoặc mật khẩu!&amp;quot;">
      <![CDATA[java.lang.AssertionError: Value is not correct: Expected: "Số điện thoại không hợp lệ, vui lòng thử lại."; Actual: "Sai tài khoản hoặc mật khẩu!"
at Common.Utilities.assertString(Utilities.java:485)
at Common.Utilities.assertTextValue(Utilities.java:417)
at CommonScreen.LoginScreen.login(LoginScreen.java:52)
at TestSuite.Login.ITS_02_07(Login.java:65)
... Removed 24 stack frames]]>
    </failure>
  </testcase> <!-- ITS_02_07 -->
  <testcase classname="TestSuite.Login" name="ITS_02_08" time="1.747">
    <failure type="java.lang.AssertionError" message="Value is not correct: Expected: &amp;quot;Số điện thoại không hợp lệ, vui lòng thử lại.&amp;quot;; Actual: &amp;quot;Sai tài khoản hoặc mật khẩu!&amp;quot;">
      <![CDATA[java.lang.AssertionError: Value is not correct: Expected: "Số điện thoại không hợp lệ, vui lòng thử lại."; Actual: "Sai tài khoản hoặc mật khẩu!"
at Common.Utilities.assertString(Utilities.java:485)
at Common.Utilities.assertTextValue(Utilities.java:417)
at CommonScreen.LoginScreen.login(LoginScreen.java:52)
at TestSuite.Login.ITS_02_08(Login.java:70)
... Removed 24 stack frames]]>
    </failure>
  </testcase> <!-- ITS_02_08 -->
  <testcase classname="TestSuite.Login" name="ITS_02_09" time="1.857">
    <failure type="java.lang.AssertionError" message="Value is not correct: Expected: &amp;quot;Số điện thoại không hợp lệ, vui lòng thử lại.&amp;quot;; Actual: &amp;quot;Sai tài khoản hoặc mật khẩu!&amp;quot;">
      <![CDATA[java.lang.AssertionError: Value is not correct: Expected: "Số điện thoại không hợp lệ, vui lòng thử lại."; Actual: "Sai tài khoản hoặc mật khẩu!"
at Common.Utilities.assertString(Utilities.java:485)
at Common.Utilities.assertTextValue(Utilities.java:417)
at CommonScreen.LoginScreen.login(LoginScreen.java:52)
at TestSuite.Login.ITS_02_09(Login.java:75)
... Removed 24 stack frames]]>
    </failure>
  </testcase> <!-- ITS_02_09 -->
  <testcase classname="TestSuite.Login" name="ITS_02_10" time="1.787">
    <failure type="java.lang.AssertionError" message="Value is not correct: Expected: &amp;quot;Số điện thoại không hợp lệ, vui lòng thử lại.&amp;quot;; Actual: &amp;quot;Sai tài khoản hoặc mật khẩu!&amp;quot;">
      <![CDATA[java.lang.AssertionError: Value is not correct: Expected: "Số điện thoại không hợp lệ, vui lòng thử lại."; Actual: "Sai tài khoản hoặc mật khẩu!"
at Common.Utilities.assertString(Utilities.java:485)
at Common.Utilities.assertTextValue(Utilities.java:417)
at CommonScreen.LoginScreen.login(LoginScreen.java:52)
at TestSuite.Login.ITS_02_10(Login.java:80)
... Removed 24 stack frames]]>
    </failure>
  </testcase> <!-- ITS_02_10 -->
  <testcase classname="TestSuite.Login" name="ITS_02_11" time="2.043">
    <failure type="java.lang.AssertionError" message="Value is not correct: Expected: &amp;quot;Số điện thoại không hợp lệ, vui lòng thử lại.&amp;quot;; Actual: &amp;quot;Sai tài khoản hoặc mật khẩu!&amp;quot;">
      <![CDATA[java.lang.AssertionError: Value is not correct: Expected: "Số điện thoại không hợp lệ, vui lòng thử lại."; Actual: "Sai tài khoản hoặc mật khẩu!"
at Common.Utilities.assertString(Utilities.java:485)
at Common.Utilities.assertTextValue(Utilities.java:417)
at CommonScreen.LoginScreen.login(LoginScreen.java:52)
at TestSuite.Login.ITS_02_11(Login.java:85)
... Removed 24 stack frames]]>
    </failure>
  </testcase> <!-- ITS_02_11 -->
  <testcase classname="TestSuite.Login" name="ITS_02_12" time="15.632">
    <failure type="org.openqa.selenium.TimeoutException" message="Expected condition failed: waiting for visibility of element located by By.xpath: //a[contains(text(),&amp;apos;Lê Thị Hương&amp;apos;)] (tried for 14 second(s) with 500 milliseconds interval)">
      <![CDATA[org.openqa.selenium.TimeoutException: Expected condition failed: waiting for visibility of element located by By.xpath: //a[contains(text(),'Lê Thị Hương')] (tried for 14 second(s) with 500 milliseconds interval)
at org.openqa.selenium.support.ui.WebDriverWait.timeoutException(WebDriverWait.java:95)
at org.openqa.selenium.support.ui.FluentWait.until(FluentWait.java:272)
at Common.Utilities.clickObscuredElement(Utilities.java:215)
at CommonScreen.LoginScreen.login(LoginScreen.java:44)
at TestSuite.Login.ITS_02_12(Login.java:90)
Caused by: org.openqa.selenium.NoSuchWindowException: no such window: target window already closed
from unknown error: web view not found
  (Session info: chrome=113.0.5672.93)
Build info: version: '3.141.59', revision: 'e82be7d358', time: '2018-11-14T08:25:48'
System info: host: 'DESKTOP-5LK3T5V', ip: '127.0.0.1', os.name: 'Windows 10', os.arch: 'amd64', os.version: '10.0', java.version: '18'
Driver info: org.openqa.selenium.chrome.ChromeDriver
Capabilities {acceptInsecureCerts: false, browserName: chrome, browserVersion: 113.0.5672.93, chrome: {chromedriverVersion: 112.0.5615.49 (bd2a7bcb881c..., userDataDir: C:\Users\MM\AppData\Local\T...}, goog:chromeOptions: {debuggerAddress: localhost:51432}, javascriptEnabled: true, networkConnectionEnabled: false, pageLoadStrategy: normal, platform: WINDOWS, platformName: WINDOWS, proxy: Proxy(), setWindowRect: true, strictFileInteractability: false, timeouts: {implicit: 0, pageLoad: 300000, script: 30000}, unhandledPromptBehavior: dismiss and notify, webauthn:extension:credBlob: true, webauthn:extension:largeBlob: true, webauthn:extension:minPinLength: true, webauthn:extension:prf: true, webauthn:virtualAuthenticators: true}
Session ID: 7c4c7a565505b5357c5979bc0f32d027
*** Element info: {Using=xpath, value=//a[contains(text(),'Lê Thị Hương')]}
at org.openqa.selenium.remote.http.W3CHttpResponseCodec.createException(W3CHttpResponseCodec.java:187)
at org.openqa.selenium.remote.http.W3CHttpResponseCodec.decode(W3CHttpResponseCodec.java:122)
at org.openqa.selenium.remote.http.W3CHttpResponseCodec.decode(W3CHttpResponseCodec.java:49)
at org.openqa.selenium.remote.HttpCommandExecutor.execute(HttpCommandExecutor.java:158)
at org.openqa.selenium.remote.service.DriverCommandExecutor.execute(DriverCommandExecutor.java:83)
at org.openqa.selenium.remote.RemoteWebDriver.execute(RemoteWebDriver.java:552)
at org.openqa.selenium.remote.RemoteWebDriver.findElement(RemoteWebDriver.java:323)
at org.openqa.selenium.remote.RemoteWebDriver.findElementByXPath(RemoteWebDriver.java:428)
at org.openqa.selenium.By$ByXPath.findElement(By.java:353)
at org.openqa.selenium.remote.RemoteWebDriver.findElement(RemoteWebDriver.java:315)
at org.openqa.selenium.support.ui.ExpectedConditions$7.apply(ExpectedConditions.java:205)
at org.openqa.selenium.support.ui.ExpectedConditions$7.apply(ExpectedConditions.java:201)
at org.openqa.selenium.support.ui.FluentWait.until(FluentWait.java:249)
... 26 more
... Removed 26 stack frames]]>
    </failure>
  </testcase> <!-- ITS_02_12 -->
  <testcase classname="TestSuite.Login" name="ITS_02_13" time="0.0">
    <skipped/>
  </testcase> <!-- ITS_02_13 -->
  <testcase classname="TestSuite.Login" name="ITS_02_14" time="0.0">
    <skipped/>
  </testcase> <!-- ITS_02_14 -->
  <testcase classname="TestSuite.Login" name="ITS_02_15" time="0.0">
    <skipped/>
  </testcase> <!-- ITS_02_15 -->
  <testcase classname="TestSuite.Login" name="ITS_02_16" time="0.0">
    <skipped/>
  </testcase> <!-- ITS_02_16 -->
  <testcase classname="TestSuite.Login" name="ITS_02_17" time="0.0">
    <skipped/>
  </testcase> <!-- ITS_02_17 -->
  <testcase classname="TestSuite.Login" name="ITS_02_18" time="0.0">
    <skipped/>
  </testcase> <!-- ITS_02_18 -->
  <testcase classname="TestSuite.Login" name="ITS_02_19" time="0.0">
    <skipped/>
  </testcase> <!-- ITS_02_19 -->
  <testcase classname="TestSuite.Login" name="ITS_02_20" time="0.0">
    <skipped/>
  </testcase> <!-- ITS_02_20 -->
  <testcase classname="TestSuite.Login" name="ITS_02_21" time="0.0">
    <skipped/>
  </testcase> <!-- ITS_02_21 -->
  <testcase classname="TestSuite.Login" name="ITS_02_22" time="0.0">
    <skipped/>
  </testcase> <!-- ITS_02_22 -->
  <testcase classname="TestSuite.Login" name="ITS_02_23" time="0.0">
    <skipped/>
  </testcase> <!-- ITS_02_23 -->
</testsuite> <!-- Test1 -->
