<?xml version="1.0" encoding="UTF-8"?>
<!-- Generated by org.testng.reporters.JUnitXMLReporter -->
<testsuite ignored="10" hostname="DESKTOP-5LK3T5V" failures="13" tests="13" name="Test1(failed)" time="153.222" errors="0" timestamp="2023-05-17T06:18:52 ICT">
  <testcase classname="TestSuite.Login" name="ITS_02_20" time="2.092">
    <failure type="java.lang.AssertionError" message="Value is not correct: Expected: &amp;quot;Mật khẩu tối đa 16 kí tự&amp;quot;; Actual: &amp;quot;Sai tài khoản hoặc mật khẩu!&amp;quot;">
      <![CDATA[java.lang.AssertionError: Value is not correct: Expected: "Mật khẩu tối đa 16 kí tự"; Actual: "Sai tài khoản hoặc mật khẩu!"
at Common.Utilities.assertString(Utilities.java:485)
at Common.Utilities.assertTextValue(Utilities.java:417)
at CommonScreen.LoginScreen.login(LoginScreen.java:52)
at TestSuite.Login.ITS_02_20(Login.java:130)
... Removed 24 stack frames]]>
    </failure>
  </testcase> <!-- ITS_02_20 -->
  <testcase classname="TestSuite.Login" name="ITS_02_12" time="16.239">
    <failure type="org.openqa.selenium.TimeoutException" message="Expected condition failed: waiting for visibility of element located by By.xpath: //a[contains(text(),&amp;apos;Lê Thị Hương&amp;apos;)] (tried for 14 second(s) with 500 milliseconds interval)">
      <![CDATA[org.openqa.selenium.TimeoutException: Expected condition failed: waiting for visibility of element located by By.xpath: //a[contains(text(),'Lê Thị Hương')] (tried for 14 second(s) with 500 milliseconds interval)
at org.openqa.selenium.support.ui.WebDriverWait.timeoutException(WebDriverWait.java:95)
at org.openqa.selenium.support.ui.FluentWait.until(FluentWait.java:272)
at Common.Utilities.clickObscuredElement(Utilities.java:215)
at CommonScreen.LoginScreen.login(LoginScreen.java:44)
at TestSuite.Login.ITS_02_12(Login.java:90)
Caused by: org.openqa.selenium.NoSuchElementException: no such element: Unable to locate element: {"method":"xpath","selector":"//a[contains(text(),'Lê Thị Hương')]"}
  (Session info: chrome=113.0.5672.93)
For documentation on this error, please visit: https://www.seleniumhq.org/exceptions/no_such_element.html
Build info: version: '3.141.59', revision: 'e82be7d358', time: '2018-11-14T08:25:48'
System info: host: 'DESKTOP-5LK3T5V', ip: '127.0.0.1', os.name: 'Windows 10', os.arch: 'amd64', os.version: '10.0', java.version: '18'
Driver info: org.openqa.selenium.chrome.ChromeDriver
Capabilities {acceptInsecureCerts: false, browserName: chrome, browserVersion: 113.0.5672.93, chrome: {chromedriverVersion: 112.0.5615.49 (bd2a7bcb881c..., userDataDir: C:\Users\MM\AppData\Local\T...}, goog:chromeOptions: {debuggerAddress: localhost:56001}, javascriptEnabled: true, networkConnectionEnabled: false, pageLoadStrategy: normal, platform: WINDOWS, platformName: WINDOWS, proxy: Proxy(), setWindowRect: true, strictFileInteractability: false, timeouts: {implicit: 0, pageLoad: 300000, script: 30000}, unhandledPromptBehavior: dismiss and notify, webauthn:extension:credBlob: true, webauthn:extension:largeBlob: true, webauthn:extension:minPinLength: true, webauthn:extension:prf: true, webauthn:virtualAuthenticators: true}
Session ID: 25f04777adf9eee475075e26fe2cb9de
*** Element info: {Using=xpath, value=//a[contains(text(),'Lê Thị Hương')]}
at org.openqa.selenium.remote.http.W3CHttpResponseCodec.createException(W3CHttpResponseCodec.java:187)
at org.openqa.selenium.remote.http.W3CHttpResponseCodec.decode(W3CHttpResponseCodec.java:122)
at org.openqa.selenium.remote.http.W3CHttpResponseCodec.decode(W3CHttpResponseCodec.java:49)
at org.openqa.selenium.remote.HttpCommandExecutor.execute(HttpCommandExecutor.java:158)
at org.openqa.selenium.remote.service.DriverCommandExecutor.execute(DriverCommandExecutor.java:83)
at org.openqa.selenium.remote.RemoteWebDriver.execute(RemoteWebDriver.java:552)
at org.openqa.selenium.remote.RemoteWebDriver.findElement(RemoteWebDriver.java:323)
at org.openqa.selenium.remote.RemoteWebDriver.findElementByXPath(RemoteWebDriver.java:428)
at org.openqa.selenium.By$ByXPath.findElement(By.java:353)
at org.openqa.selenium.remote.RemoteWebDriver.findElement(RemoteWebDriver.java:315)
at org.openqa.selenium.support.ui.ExpectedConditions$7.apply(ExpectedConditions.java:205)
at org.openqa.selenium.support.ui.ExpectedConditions$7.apply(ExpectedConditions.java:201)
at org.openqa.selenium.support.ui.FluentWait.until(FluentWait.java:249)
... 26 more
... Removed 26 stack frames]]>
    </failure>
  </testcase> <!-- ITS_02_12 -->
  <testcase classname="TestSuite.Login" name="ITS_02_10" time="2.049">
    <failure type="java.lang.AssertionError" message="Value is not correct: Expected: &amp;quot;Số điện thoại không hợp lệ, vui lòng thử lại.&amp;quot;; Actual: &amp;quot;Sai tài khoản hoặc mật khẩu!&amp;quot;">
      <![CDATA[java.lang.AssertionError: Value is not correct: Expected: "Số điện thoại không hợp lệ, vui lòng thử lại."; Actual: "Sai tài khoản hoặc mật khẩu!"
at Common.Utilities.assertString(Utilities.java:485)
at Common.Utilities.assertTextValue(Utilities.java:417)
at CommonScreen.LoginScreen.login(LoginScreen.java:52)
at TestSuite.Login.ITS_02_10(Login.java:80)
... Removed 24 stack frames]]>
    </failure>
  </testcase> <!-- ITS_02_10 -->
  <testcase classname="TestSuite.Login" name="ITS_02_06" time="1.657">
    <failure type="java.lang.AssertionError" message="Value is not correct: Expected: &amp;quot;Số điện thoại không hợp lệ, vui lòng thử lại.&amp;quot;; Actual: &amp;quot;Sai tài khoản hoặc mật khẩu!&amp;quot;">
      <![CDATA[java.lang.AssertionError: Value is not correct: Expected: "Số điện thoại không hợp lệ, vui lòng thử lại."; Actual: "Sai tài khoản hoặc mật khẩu!"
at Common.Utilities.assertString(Utilities.java:485)
at Common.Utilities.assertTextValue(Utilities.java:417)
at CommonScreen.LoginScreen.login(LoginScreen.java:52)
at TestSuite.Login.ITS_02_06(Login.java:60)
... Removed 24 stack frames]]>
    </failure>
  </testcase> <!-- ITS_02_06 -->
  <testcase classname="TestSuite.Login" name="ITS_02_17" time="2.11">
    <failure type="java.lang.AssertionError" message="Value is not correct: Expected: &amp;quot;Mật khẩu tối thiểu 8 kí tự&amp;quot;; Actual: &amp;quot;Sai tài khoản hoặc mật khẩu!&amp;quot;">
      <![CDATA[java.lang.AssertionError: Value is not correct: Expected: "Mật khẩu tối thiểu 8 kí tự"; Actual: "Sai tài khoản hoặc mật khẩu!"
at Common.Utilities.assertString(Utilities.java:485)
at Common.Utilities.assertTextValue(Utilities.java:417)
at CommonScreen.LoginScreen.login(LoginScreen.java:52)
at TestSuite.Login.ITS_02_17(Login.java:115)
... Removed 24 stack frames]]>
    </failure>
  </testcase> <!-- ITS_02_17 -->
  <testcase classname="TestSuite.Login" name="ITS_02_09" time="1.809">
    <failure type="java.lang.AssertionError" message="Value is not correct: Expected: &amp;quot;Số điện thoại không hợp lệ, vui lòng thử lại.&amp;quot;; Actual: &amp;quot;Sai tài khoản hoặc mật khẩu!&amp;quot;">
      <![CDATA[java.lang.AssertionError: Value is not correct: Expected: "Số điện thoại không hợp lệ, vui lòng thử lại."; Actual: "Sai tài khoản hoặc mật khẩu!"
at Common.Utilities.assertString(Utilities.java:485)
at Common.Utilities.assertTextValue(Utilities.java:417)
at CommonScreen.LoginScreen.login(LoginScreen.java:52)
at TestSuite.Login.ITS_02_09(Login.java:75)
... Removed 24 stack frames]]>
    </failure>
  </testcase> <!-- ITS_02_09 -->
  <testcase classname="TestSuite.Login" name="ITS_02_07" time="1.638">
    <failure type="java.lang.AssertionError" message="Value is not correct: Expected: &amp;quot;Số điện thoại không hợp lệ, vui lòng thử lại.&amp;quot;; Actual: &amp;quot;Sai tài khoản hoặc mật khẩu!&amp;quot;">
      <![CDATA[java.lang.AssertionError: Value is not correct: Expected: "Số điện thoại không hợp lệ, vui lòng thử lại."; Actual: "Sai tài khoản hoặc mật khẩu!"
at Common.Utilities.assertString(Utilities.java:485)
at Common.Utilities.assertTextValue(Utilities.java:417)
at CommonScreen.LoginScreen.login(LoginScreen.java:52)
at TestSuite.Login.ITS_02_07(Login.java:65)
... Removed 24 stack frames]]>
    </failure>
  </testcase> <!-- ITS_02_07 -->
  <testcase classname="TestSuite.Login" name="ITS_02_18" time="16.18">
    <failure type="org.openqa.selenium.TimeoutException" message="Expected condition failed: waiting for visibility of element located by By.xpath: //div[@class=&amp;apos;alert alert-warning user-incorrect-msg&amp;apos;]//ul//li (tried for 14 second(s) with 500 milliseconds interval)">
      <![CDATA[org.openqa.selenium.TimeoutException: Expected condition failed: waiting for visibility of element located by By.xpath: //div[@class='alert alert-warning user-incorrect-msg']//ul//li (tried for 14 second(s) with 500 milliseconds interval)
at org.openqa.selenium.support.ui.WebDriverWait.timeoutException(WebDriverWait.java:95)
at org.openqa.selenium.support.ui.FluentWait.until(FluentWait.java:272)
at Common.Utilities.clickObscuredElement(Utilities.java:215)
at CommonScreen.LoginScreen.login(LoginScreen.java:51)
at TestSuite.Login.ITS_02_18(Login.java:120)
Caused by: org.openqa.selenium.NoSuchElementException: no such element: Unable to locate element: {"method":"xpath","selector":"//div[@class='alert alert-warning user-incorrect-msg']//ul//li"}
  (Session info: chrome=113.0.5672.93)
For documentation on this error, please visit: https://www.seleniumhq.org/exceptions/no_such_element.html
Build info: version: '3.141.59', revision: 'e82be7d358', time: '2018-11-14T08:25:48'
System info: host: 'DESKTOP-5LK3T5V', ip: '127.0.0.1', os.name: 'Windows 10', os.arch: 'amd64', os.version: '10.0', java.version: '18'
Driver info: org.openqa.selenium.chrome.ChromeDriver
Capabilities {acceptInsecureCerts: false, browserName: chrome, browserVersion: 113.0.5672.93, chrome: {chromedriverVersion: 112.0.5615.49 (bd2a7bcb881c..., userDataDir: C:\Users\MM\AppData\Local\T...}, goog:chromeOptions: {debuggerAddress: localhost:56001}, javascriptEnabled: true, networkConnectionEnabled: false, pageLoadStrategy: normal, platform: WINDOWS, platformName: WINDOWS, proxy: Proxy(), setWindowRect: true, strictFileInteractability: false, timeouts: {implicit: 0, pageLoad: 300000, script: 30000}, unhandledPromptBehavior: dismiss and notify, webauthn:extension:credBlob: true, webauthn:extension:largeBlob: true, webauthn:extension:minPinLength: true, webauthn:extension:prf: true, webauthn:virtualAuthenticators: true}
Session ID: 25f04777adf9eee475075e26fe2cb9de
*** Element info: {Using=xpath, value=//div[@class='alert alert-warning user-incorrect-msg']//ul//li}
at org.openqa.selenium.remote.http.W3CHttpResponseCodec.createException(W3CHttpResponseCodec.java:187)
at org.openqa.selenium.remote.http.W3CHttpResponseCodec.decode(W3CHttpResponseCodec.java:122)
at org.openqa.selenium.remote.http.W3CHttpResponseCodec.decode(W3CHttpResponseCodec.java:49)
at org.openqa.selenium.remote.HttpCommandExecutor.execute(HttpCommandExecutor.java:158)
at org.openqa.selenium.remote.service.DriverCommandExecutor.execute(DriverCommandExecutor.java:83)
at org.openqa.selenium.remote.RemoteWebDriver.execute(RemoteWebDriver.java:552)
at org.openqa.selenium.remote.RemoteWebDriver.findElement(RemoteWebDriver.java:323)
at org.openqa.selenium.remote.RemoteWebDriver.findElementByXPath(RemoteWebDriver.java:428)
at org.openqa.selenium.By$ByXPath.findElement(By.java:353)
at org.openqa.selenium.remote.RemoteWebDriver.findElement(RemoteWebDriver.java:315)
at org.openqa.selenium.support.ui.ExpectedConditions$7.apply(ExpectedConditions.java:205)
at org.openqa.selenium.support.ui.ExpectedConditions$7.apply(ExpectedConditions.java:201)
at org.openqa.selenium.support.ui.FluentWait.until(FluentWait.java:249)
... 26 more
... Removed 26 stack frames]]>
    </failure>
  </testcase> <!-- ITS_02_18 -->
  <testcase classname="TestSuite.Login" name="ITS_02_05" time="1.563">
    <failure type="java.lang.AssertionError" message="Value is not correct: Expected: &amp;quot;Số điện thoại không hợp lệ, vui lòng thử lại.&amp;quot;; Actual: &amp;quot;Sai tài khoản hoặc mật khẩu!&amp;quot;">
      <![CDATA[java.lang.AssertionError: Value is not correct: Expected: "Số điện thoại không hợp lệ, vui lòng thử lại."; Actual: "Sai tài khoản hoặc mật khẩu!"
at Common.Utilities.assertString(Utilities.java:485)
at Common.Utilities.assertTextValue(Utilities.java:417)
at CommonScreen.LoginScreen.login(LoginScreen.java:52)
at TestSuite.Login.ITS_02_05(Login.java:55)
... Removed 24 stack frames]]>
    </failure>
  </testcase> <!-- ITS_02_05 -->
  <testcase classname="TestSuite.Login" name="ITS_02_11" time="1.738">
    <failure type="java.lang.AssertionError" message="Value is not correct: Expected: &amp;quot;Số điện thoại không hợp lệ, vui lòng thử lại.&amp;quot;; Actual: &amp;quot;Sai tài khoản hoặc mật khẩu!&amp;quot;">
      <![CDATA[java.lang.AssertionError: Value is not correct: Expected: "Số điện thoại không hợp lệ, vui lòng thử lại."; Actual: "Sai tài khoản hoặc mật khẩu!"
at Common.Utilities.assertString(Utilities.java:485)
at Common.Utilities.assertTextValue(Utilities.java:417)
at CommonScreen.LoginScreen.login(LoginScreen.java:52)
at TestSuite.Login.ITS_02_11(Login.java:85)
... Removed 24 stack frames]]>
    </failure>
  </testcase> <!-- ITS_02_11 -->
  <testcase classname="TestSuite.Login" name="ITS_02_14" time="1.825">
    <failure type="java.lang.AssertionError" message="Value is not correct: Expected: &amp;quot;Số điện thoại không hợp lệ, vui lòng thử lại.&amp;quot;; Actual: &amp;quot;Sai tài khoản hoặc mật khẩu!&amp;quot;">
      <![CDATA[java.lang.AssertionError: Value is not correct: Expected: "Số điện thoại không hợp lệ, vui lòng thử lại."; Actual: "Sai tài khoản hoặc mật khẩu!"
at Common.Utilities.assertString(Utilities.java:485)
at Common.Utilities.assertTextValue(Utilities.java:417)
at CommonScreen.LoginScreen.login(LoginScreen.java:52)
at TestSuite.Login.ITS_02_14(Login.java:100)
... Removed 24 stack frames]]>
    </failure>
  </testcase> <!-- ITS_02_14 -->
  <testcase classname="TestSuite.Login" name="ITS_02_08" time="1.648">
    <failure type="java.lang.AssertionError" message="Value is not correct: Expected: &amp;quot;Số điện thoại không hợp lệ, vui lòng thử lại.&amp;quot;; Actual: &amp;quot;Sai tài khoản hoặc mật khẩu!&amp;quot;">
      <![CDATA[java.lang.AssertionError: Value is not correct: Expected: "Số điện thoại không hợp lệ, vui lòng thử lại."; Actual: "Sai tài khoản hoặc mật khẩu!"
at Common.Utilities.assertString(Utilities.java:485)
at Common.Utilities.assertTextValue(Utilities.java:417)
at CommonScreen.LoginScreen.login(LoginScreen.java:52)
at TestSuite.Login.ITS_02_08(Login.java:70)
... Removed 24 stack frames]]>
    </failure>
  </testcase> <!-- ITS_02_08 -->
  <testcase classname="TestSuite.Login" name="ITS_02_19" time="15.891">
    <failure type="org.openqa.selenium.TimeoutException" message="Expected condition failed: waiting for visibility of element located by By.xpath: //div[@class=&amp;apos;alert alert-warning user-incorrect-msg&amp;apos;]//ul//li (tried for 14 second(s) with 500 milliseconds interval)">
      <![CDATA[org.openqa.selenium.TimeoutException: Expected condition failed: waiting for visibility of element located by By.xpath: //div[@class='alert alert-warning user-incorrect-msg']//ul//li (tried for 14 second(s) with 500 milliseconds interval)
at org.openqa.selenium.support.ui.WebDriverWait.timeoutException(WebDriverWait.java:95)
at org.openqa.selenium.support.ui.FluentWait.until(FluentWait.java:272)
at Common.Utilities.clickObscuredElement(Utilities.java:215)
at CommonScreen.LoginScreen.login(LoginScreen.java:51)
at TestSuite.Login.ITS_02_19(Login.java:125)
Caused by: org.openqa.selenium.NoSuchElementException: no such element: Unable to locate element: {"method":"xpath","selector":"//div[@class='alert alert-warning user-incorrect-msg']//ul//li"}
  (Session info: chrome=113.0.5672.93)
For documentation on this error, please visit: https://www.seleniumhq.org/exceptions/no_such_element.html
Build info: version: '3.141.59', revision: 'e82be7d358', time: '2018-11-14T08:25:48'
System info: host: 'DESKTOP-5LK3T5V', ip: '127.0.0.1', os.name: 'Windows 10', os.arch: 'amd64', os.version: '10.0', java.version: '18'
Driver info: org.openqa.selenium.chrome.ChromeDriver
Capabilities {acceptInsecureCerts: false, browserName: chrome, browserVersion: 113.0.5672.93, chrome: {chromedriverVersion: 112.0.5615.49 (bd2a7bcb881c..., userDataDir: C:\Users\MM\AppData\Local\T...}, goog:chromeOptions: {debuggerAddress: localhost:56001}, javascriptEnabled: true, networkConnectionEnabled: false, pageLoadStrategy: normal, platform: WINDOWS, platformName: WINDOWS, proxy: Proxy(), setWindowRect: true, strictFileInteractability: false, timeouts: {implicit: 0, pageLoad: 300000, script: 30000}, unhandledPromptBehavior: dismiss and notify, webauthn:extension:credBlob: true, webauthn:extension:largeBlob: true, webauthn:extension:minPinLength: true, webauthn:extension:prf: true, webauthn:virtualAuthenticators: true}
Session ID: 25f04777adf9eee475075e26fe2cb9de
*** Element info: {Using=xpath, value=//div[@class='alert alert-warning user-incorrect-msg']//ul//li}
at org.openqa.selenium.remote.http.W3CHttpResponseCodec.createException(W3CHttpResponseCodec.java:187)
at org.openqa.selenium.remote.http.W3CHttpResponseCodec.decode(W3CHttpResponseCodec.java:122)
at org.openqa.selenium.remote.http.W3CHttpResponseCodec.decode(W3CHttpResponseCodec.java:49)
at org.openqa.selenium.remote.HttpCommandExecutor.execute(HttpCommandExecutor.java:158)
at org.openqa.selenium.remote.service.DriverCommandExecutor.execute(DriverCommandExecutor.java:83)
at org.openqa.selenium.remote.RemoteWebDriver.execute(RemoteWebDriver.java:552)
at org.openqa.selenium.remote.RemoteWebDriver.findElement(RemoteWebDriver.java:323)
at org.openqa.selenium.remote.RemoteWebDriver.findElementByXPath(RemoteWebDriver.java:428)
at org.openqa.selenium.By$ByXPath.findElement(By.java:353)
at org.openqa.selenium.remote.RemoteWebDriver.findElement(RemoteWebDriver.java:315)
at org.openqa.selenium.support.ui.ExpectedConditions$7.apply(ExpectedConditions.java:205)
at org.openqa.selenium.support.ui.ExpectedConditions$7.apply(ExpectedConditions.java:201)
at org.openqa.selenium.support.ui.FluentWait.until(FluentWait.java:249)
... 26 more
... Removed 26 stack frames]]>
    </failure>
  </testcase> <!-- ITS_02_19 -->
  <testcase classname="TestSuite.Login" name="ITS_02_01" time="0.0">
    <ignored/>
  </testcase> <!-- ITS_02_01 -->
  <testcase classname="TestSuite.Login" name="ITS_02_23" time="0.0">
    <ignored/>
  </testcase> <!-- ITS_02_23 -->
  <testcase classname="TestSuite.Login" name="ITS_02_21" time="0.0">
    <ignored/>
  </testcase> <!-- ITS_02_21 -->
  <testcase classname="TestSuite.Login" name="ITS_02_04" time="0.0">
    <ignored/>
  </testcase> <!-- ITS_02_04 -->
  <testcase classname="TestSuite.Login" name="ITS_02_15" time="0.0">
    <ignored/>
  </testcase> <!-- ITS_02_15 -->
  <testcase classname="TestSuite.Login" name="ITS_02_02" time="0.0">
    <ignored/>
  </testcase> <!-- ITS_02_02 -->
  <testcase classname="TestSuite.Login" name="ITS_02_13" time="0.0">
    <ignored/>
  </testcase> <!-- ITS_02_13 -->
  <testcase classname="TestSuite.Login" name="ITS_02_16" time="0.0">
    <ignored/>
  </testcase> <!-- ITS_02_16 -->
  <testcase classname="TestSuite.Login" name="ITS_02_22" time="0.0">
    <ignored/>
  </testcase> <!-- ITS_02_22 -->
  <testcase classname="TestSuite.Login" name="ITS_02_03" time="0.0">
    <ignored/>
  </testcase> <!-- ITS_02_03 -->
</testsuite> <!-- Test1(failed) -->
