<?xml version="1.0" encoding="UTF-8"?>
<!-- Generated by org.testng.reporters.JUnitReportReporter -->
<testsuite hostname="hoang-ngoc-anh" failures="0" tests="5" name="TestSuite.DetailInformation" time="2.275" errors="1" timestamp="2023-04-02T00:15:11 ICT" skipped="4">
  <testcase classname="TestSuite.DetailInformation" name="setUpMethod" time="2.268">
    <error message="session not created: This version of ChromeDriver only supports Chrome version 107
Current browser version is 109.0.5414.119 with binary path /usr/bin/google-chrome
Build info: version: &#039;3.141.59&#039;, revision: &#039;e82be7d358&#039;, time: &#039;2018-11-14T08:25:48&#039;
System info: host: &#039;hoang-ngoc-anh&#039;, ip: &#039;127.0.1.1&#039;, os.name: &#039;Linux&#039;, os.arch: &#039;amd64&#039;, os.version: &#039;5.15.0-67-generic&#039;, java.version: &#039;17.0.4.1&#039;
Driver info: driver.version: ChromeDriver
remote stacktrace: #0 0x555b7611f463 &lt;unknown&gt;
#1 0x555b75ee38d8 &lt;unknown&gt;
#2 0x555b75f103c6 &lt;unknown&gt;
#3 0x555b75f0b580 &lt;unknown&gt;
#4 0x555b75f06c05 &lt;unknown&gt;
#5 0x555b75f4a802 &lt;unknown&gt;
#6 0x555b75f4a2af &lt;unknown&gt;
#7 0x555b75f42443 &lt;unknown&gt;
#8 0x555b75f133c5 &lt;unknown&gt;
#9 0x555b75f14531 &lt;unknown&gt;
#10 0x555b76171dce &lt;unknown&gt;
#11 0x555b76175192 &lt;unknown&gt;
#12 0x555b7615693e &lt;unknown&gt;
#13 0x555b76176103 &lt;unknown&gt;
#14 0x555b76149d85 &lt;unknown&gt;
#15 0x555b761970a8 &lt;unknown&gt;
#16 0x555b76197239 &lt;unknown&gt;
#17 0x555b761b2492 &lt;unknown&gt;
#18 0x7fc918882609 start_thread
" type="org.openqa.selenium.SessionNotCreatedException">
      <![CDATA[org.openqa.selenium.SessionNotCreatedException: session not created: This version of ChromeDriver only supports Chrome version 107
Current browser version is 109.0.5414.119 with binary path /usr/bin/google-chrome
Build info: version: '3.141.59', revision: 'e82be7d358', time: '2018-11-14T08:25:48'
System info: host: 'hoang-ngoc-anh', ip: '127.0.1.1', os.name: 'Linux', os.arch: 'amd64', os.version: '5.15.0-67-generic', java.version: '17.0.4.1'
Driver info: driver.version: ChromeDriver
remote stacktrace: #0 0x555b7611f463 <unknown>
#1 0x555b75ee38d8 <unknown>
#2 0x555b75f103c6 <unknown>
#3 0x555b75f0b580 <unknown>
#4 0x555b75f06c05 <unknown>
#5 0x555b75f4a802 <unknown>
#6 0x555b75f4a2af <unknown>
#7 0x555b75f42443 <unknown>
#8 0x555b75f133c5 <unknown>
#9 0x555b75f14531 <unknown>
#10 0x555b76171dce <unknown>
#11 0x555b76175192 <unknown>
#12 0x555b7615693e <unknown>
#13 0x555b76176103 <unknown>
#14 0x555b76149d85 <unknown>
#15 0x555b761970a8 <unknown>
#16 0x555b76197239 <unknown>
#17 0x555b761b2492 <unknown>
#18 0x7fc918882609 start_thread

at java.base/jdk.internal.reflect.NativeConstructorAccessorImpl.newInstance0(Native Method)
at java.base/jdk.internal.reflect.NativeConstructorAccessorImpl.newInstance(NativeConstructorAccessorImpl.java:77)
at java.base/jdk.internal.reflect.DelegatingConstructorAccessorImpl.newInstance(DelegatingConstructorAccessorImpl.java:45)
at java.base/java.lang.reflect.Constructor.newInstanceWithCaller(Constructor.java:499)
at java.base/java.lang.reflect.Constructor.newInstance(Constructor.java:480)
at org.openqa.selenium.remote.W3CHandshakeResponse.lambda$errorHandler$0(W3CHandshakeResponse.java:62)
at org.openqa.selenium.remote.HandshakeResponse.lambda$getResponseFunction$0(HandshakeResponse.java:30)
at org.openqa.selenium.remote.ProtocolHandshake.lambda$createSession$0(ProtocolHandshake.java:126)
at java.base/java.util.stream.ReferencePipeline$3$1.accept(ReferencePipeline.java:197)
at java.base/java.util.Spliterators$ArraySpliterator.tryAdvance(Spliterators.java:1002)
at java.base/java.util.stream.ReferencePipeline.forEachWithCancel(ReferencePipeline.java:129)
at java.base/java.util.stream.AbstractPipeline.copyIntoWithCancel(AbstractPipeline.java:527)
at java.base/java.util.stream.AbstractPipeline.copyInto(AbstractPipeline.java:513)
at java.base/java.util.stream.AbstractPipeline.wrapAndCopyInto(AbstractPipeline.java:499)
at java.base/java.util.stream.FindOps$FindOp.evaluateSequential(FindOps.java:150)
at java.base/java.util.stream.AbstractPipeline.evaluate(AbstractPipeline.java:234)
at java.base/java.util.stream.ReferencePipeline.findFirst(ReferencePipeline.java:647)
at org.openqa.selenium.remote.ProtocolHandshake.createSession(ProtocolHandshake.java:128)
at org.openqa.selenium.remote.ProtocolHandshake.createSession(ProtocolHandshake.java:74)
at org.openqa.selenium.remote.HttpCommandExecutor.execute(HttpCommandExecutor.java:136)
at org.openqa.selenium.remote.service.DriverCommandExecutor.execute(DriverCommandExecutor.java:83)
at org.openqa.selenium.remote.RemoteWebDriver.execute(RemoteWebDriver.java:552)
at org.openqa.selenium.remote.RemoteWebDriver.startSession(RemoteWebDriver.java:213)
at org.openqa.selenium.remote.RemoteWebDriver.<init>(RemoteWebDriver.java:131)
at org.openqa.selenium.chrome.ChromeDriver.<init>(ChromeDriver.java:181)
at org.openqa.selenium.chrome.ChromeDriver.<init>(ChromeDriver.java:168)
at org.openqa.selenium.chrome.ChromeDriver.<init>(ChromeDriver.java:123)
at Common.Utilities.getDriverOneTime(Utilities.java:496)
at Common.Utilities.getDriver(Utilities.java:526)
at CommonScreen.HomeScreen.openScreen(HomeScreen.java:41)
at TestSuite.DetailInformation.setUpMethod(DetailInformation.java:21)
at java.base/jdk.internal.reflect.NativeMethodAccessorImpl.invoke0(Native Method)
at java.base/jdk.internal.reflect.NativeMethodAccessorImpl.invoke(NativeMethodAccessorImpl.java:77)
at java.base/jdk.internal.reflect.DelegatingMethodAccessorImpl.invoke(DelegatingMethodAccessorImpl.java:43)
at java.base/java.lang.reflect.Method.invoke(Method.java:568)
at org.testng.internal.MethodInvocationHelper.invokeMethod(MethodInvocationHelper.java:131)
at org.testng.internal.MethodInvocationHelper.invokeMethodConsideringTimeout(MethodInvocationHelper.java:61)
at org.testng.internal.Invoker.invokeConfigurationMethod(Invoker.java:519)
at org.testng.internal.Invoker.invokeConfigurations(Invoker.java:243)
at org.testng.internal.Invoker.invokeMethod(Invoker.java:612)
at org.testng.internal.Invoker.invokeTestMethod(Invoker.java:821)
at org.testng.internal.Invoker.invokeTestMethods(Invoker.java:1128)
at org.testng.internal.TestMethodWorker.invokeTestMethods(TestMethodWorker.java:140)
at org.testng.internal.TestMethodWorker.run(TestMethodWorker.java:122)
at org.testng.TestRunner.privateRun(TestRunner.java:724)
at org.testng.TestRunner.run(TestRunner.java:574)
at org.testng.SuiteRunner.runTest(SuiteRunner.java:398)
at org.testng.SuiteRunner.runSequentially(SuiteRunner.java:392)
at org.testng.SuiteRunner.privateRun(SuiteRunner.java:354)
at org.testng.SuiteRunner.run(SuiteRunner.java:302)
at org.testng.SuiteRunnerWorker.runSuite(SuiteRunnerWorker.java:53)
at org.testng.SuiteRunnerWorker.run(SuiteRunnerWorker.java:96)
at org.testng.TestNG.runSuitesSequentially(TestNG.java:1142)
at org.testng.TestNG.runSuitesLocally(TestNG.java:1064)
at org.testng.TestNG.runSuites(TestNG.java:994)
at org.testng.TestNG.run(TestNG.java:962)
at org.testng.remote.AbstractRemoteTestNG.run(AbstractRemoteTestNG.java:115)
at org.testng.remote.RemoteTestNG.initAndRun(RemoteTestNG.java:251)
at org.testng.remote.RemoteTestNG.main(RemoteTestNG.java:77)
]]>
    </error>
  </testcase> <!-- setUpMethod -->
  <testcase classname="TestSuite.DetailInformation" name="MODULE5_04" time="0.002">
    <skipped/>
  </testcase> <!-- MODULE5_04 -->
  <testcase classname="TestSuite.DetailInformation" name="MODULE5_02" time="0.003">
    <skipped/>
  </testcase> <!-- MODULE5_02 -->
  <testcase classname="TestSuite.DetailInformation" name="MODULE5_01" time="0.002">
    <skipped/>
  </testcase> <!-- MODULE5_01 -->
  <testcase classname="TestSuite.DetailInformation" name="MODULE5_03" time="0.000">
    <skipped/>
  </testcase> <!-- MODULE5_03 -->
</testsuite> <!-- TestSuite.DetailInformation -->
